make all --print-data-base --no-builtin-variables --no-builtin-rules --question
# GNU Make 3.81
# Copyright (C) 2006  Free Software Foundation, Inc.
# This is free software; see the source for copying conditions.
# There is NO warranty; not even for MERCHANTABILITY or FITNESS FOR A
# PARTICULAR PURPOSE.

# This program built for i386-apple-darwin11.3.0
 

# Make data base, printed on Fri Jun 23 08:20:57 2023

# Variables

# automatic
<D = $(patsubst %/,%,$(dir $<))
# automatic
?F = $(notdir $?)
# makefile (from `Makefile', line 20)
OBJ = ${SRC:.c=.o}
# environment
VSCODE_CRASH_REPORTER_PROCESS_TYPE = extensionHost
# makefile (from `Makefile', line 15)
SRC = minishell.c cmds.c execute_utils.c execute.c redirect.c echo.c here_doc.c export.c unset.c arg.c parsing_2.c parsing.c token_2.c token.c utils.c signals.c export_helper.c execute_utils2.c execute2.c pwd.c here_doc_utils.c utils_2.c
# automatic
?D = $(patsubst %/,%,$(dir $?))
# automatic
@D = $(patsubst %/,%,$(dir $@))
# automatic
@F = $(notdir $@)
# makefile
CURDIR := /Users/zel-kach/Desktop/new
# makefile
SHELL = /bin/sh
# makefile (from `Makefile', line 26)
RM = rm -f
# environment
VSCODE_NLS_CONFIG = {"locale":"en-us","osLocale":"en","availableLanguages":{},"_languagePackSupport":true}
# environment
_ = /usr/bin/make
# makefile (from `Makefile', line 28)
CFLAGS = -Wall -Wextra  -g -I $(shell brew --prefix readline)/include
# makefile (from `Makefile', line 1)
MAKEFILE_LIST :=  Makefile
# environment
VSCODE_CWD = /
# environment
PATH = /Users/zel-kach/.brew/bin:/usr/local/bin:/usr/bin:/bin:/usr/sbin:/sbin:/usr/local/munki:/Library/Apple/usr/bin
# environment
LSCOLORS = Gxfxcxdxbxegedabagacad
# environment
LaunchInstanceID = CCDFB879-2ACA-444C-8555-3AFF3906B6AD
# environment
ELECTRON_RUN_AS_NODE = 1
# default
.FEATURES := target-specific order-only second-expansion else-if archives jobserver check-symlink
# environment
LS_COLORS = di=1;36:ln=35:so=32:pi=33:ex=31:bd=34;46:cd=34;43:su=30;41:sg=30;46:tw=30;42:ow=30;43
# environment
SSH_AUTH_SOCK = /private/tmp/com.apple.launchd.YLddiftFMB/Listeners
# automatic
%F = $(notdir $%)
# environment
HOMEBREW_TEMP = /tmp/zel-kach/Homebrew/Temp
# environment
PWD = /Users/zel-kach/Desktop/new
# makefile (from `Makefile', line 22)
libfta = ./libft/libft.a
# environment
ORIGINAL_XDG_CURRENT_DESKTOP = undefined
# environment
VSCODE_AMD_ENTRYPOINT = vs/workbench/api/node/extensionHostProcess
# environment
HOME = /Users/zel-kach
# default
MAKEFILEPATH := /Applications/Xcode.app/Contents/Developer/Makefiles
# environment
VSCODE_CODE_CACHE_PATH = /Users/zel-kach/Library/Application Support/Code/CachedData/695af097c7bd098fbf017ce3ac85e09bbc5dda06
# environment
LOGNAME = zel-kach
# environment
APPLICATION_INSIGHTS_NO_DIAGNOSTIC_CHANNEL = 1
# environment
ZSH = /Users/zel-kach/.oh-my-zsh
# environment
VSCODE_HANDLES_UNCAUGHT_ERRORS = true
# automatic
^D = $(patsubst %/,%,$(dir $^))
# environment
XPC_FLAGS = 0x0
# default
MAKE = $(MAKE_COMMAND)
# default
MAKECMDGOALS := all
# environment
HOMEBREW_CACHE = /tmp/zel-kach/Homebrew/Caches
# environment
SHLVL = 1
# makefile (from `Makefile', line 24)
CC = cc
# default
MAKE_VERSION := 3.81
# environment
USER = zel-kach
# makefile
.DEFAULT_GOAL := all
# makefile (from `Makefile', line 13)
NAME = minishell
# environment
LESS = -R
# automatic
%D = $(patsubst %/,%,$(dir $%))
# default
MAKE_COMMAND := /Applications/Xcode.app/Contents/Developer/usr/bin/make
# default
.VARIABLES := 
# environment
TMPDIR = /var/folders/zz/zyxvpxvq6csfxvn_n000ch2m00340n/T/
# automatic
*F = $(notdir $*)
# environment
VSCODE_IPC_HOOK = /Users/zel-kach/Library/Application Support/Code/1.79-main.sock
# environment
MallocNanoZone = 0
# makefile
MAKEFLAGS = Rrqp
# environment
MFLAGS = -Rrqp
# automatic
*D = $(patsubst %/,%,$(dir $*))
# environment
XPC_SERVICE_NAME = com.apple.xpc.launchd.oneshot.0x10000003.Electron
# automatic
+D = $(patsubst %/,%,$(dir $+))
# environment
VSCODE_L10N_BUNDLE_LOCATION = 
# automatic
+F = $(notdir $+)
# environment
__CF_USER_TEXT_ENCODING = 0x19015:0x0:0x0
# environment
COMMAND_MODE = unix2003
# default
MAKEFILES := 
# automatic
<F = $(notdir $<)
# environment
PAGER = less
# environment
LC_ALL = C
# environment
SECURITYSESSIONID = 186a6
# automatic
^F = $(notdir $^)
# default
SUFFIXES := 
# default
.INCLUDE_DIRS = /usr/local/include
# environment
MAKELEVEL := 0
# environment
LANG = C
# environment
VSCODE_PID = 44039
# variable set hash-table stats:
# Load=75/1024=7%, Rehash=0, Collisions=3/106=3%

# Pattern-specific Variable Values

# No pattern-specific variable values.

# Directories

# . (device 16777228, inode 6989317): 53 files, no impossibilities.

# 53 files, no impossibilities in 1 directories.

# Implicit Rules

%.o: %.c minishell.h ./libft/libft.a
#  commands to execute (from `Makefile', line 35):
	${CC} ${CFLAGS} -c $<
	

# 1 implicit rules, 0 (0.0%) terminal.

# Files

# Not a target:
execute_utils.o:
#  Implicit rule search has not been done.
#  Modification time never checked.
#  File has not been updated.

all: libftm minishell
#  Command-line target.
#  Implicit rule search has been done.
#  File does not exist.
#  File has been updated.
#  Needs to be updated (-q is set).
# variable set hash-table stats:
# Load=0/32=0%, Rehash=0, Collisions=0/2=0%

# Not a target:
unset.o:
#  Implicit rule search has not been done.
#  Modification time never checked.
#  File has not been updated.

# Not a target:
utils_2.o:
#  Implicit rule search has not been done.
#  Modification time never checked.
#  File has not been updated.

# Not a target:
parsing_2.o:
#  Implicit rule search has not been done.
#  Modification time never checked.
#  File has not been updated.

libftm:
#  Implicit rule search has not been done.
#  Implicit/static pattern stem: `'
#  File does not exist.
#  File has been updated.
#  Needs to be updated (-q is set).
# automatic
# @ := libftm
# automatic
# % := 
# automatic
# * := 
# automatic
# + := 
# automatic
# | := 
# automatic
# < := 
# automatic
# ^ := 
# automatic
# ? := 
# variable set hash-table stats:
# Load=8/32=25%, Rehash=0, Collisions=1/10=10%
#  commands to execute (from `Makefile', line 38):
	make -C libft
	

# Not a target:
.SUFFIXES:
#  Implicit rule search has not been done.
#  Modification time never checked.
#  File has not been updated.

# Not a target:
Makefile:
#  Implicit rule search has been done.
#  Last modified 2023-06-22 11:31:45
#  File has been updated.
#  Successfully updated.
# variable set hash-table stats:
# Load=0/32=0%, Rehash=0, Collisions=0/0=0%

# Not a target:
here_doc_utils.o:
#  Implicit rule search has not been done.
#  Modification time never checked.
#  File has not been updated.

minishell: minishell.o cmds.o execute_utils.o execute.o redirect.o echo.o here_doc.o export.o unset.o arg.o parsing_2.o parsing.o token_2.o token.o utils.o signals.o export_helper.o execute_utils2.o execute2.o pwd.o here_doc_utils.o utils_2.o
#  Implicit rule search has not been done.
#  Modification time never checked.
#  File has not been updated.
#  commands to execute (from `Makefile', line 33):
	${CC} ${OBJ} ${libfta} -L $(shell brew --prefix readline)/lib -lreadline -o $@ 
	

# Not a target:
minishell.o:
#  Implicit rule search has not been done.
#  Modification time never checked.
#  File has not been updated.

# Not a target:
execute.o:
#  Implicit rule search has not been done.
#  Modification time never checked.
#  File has not been updated.

# Not a target:
token.o:
#  Implicit rule search has not been done.
#  Modification time never checked.
#  File has not been updated.

fclean: clean libftfclean
#  Implicit rule search has not been done.
#  Modification time never checked.
#  File has not been updated.
#  commands to execute (from `Makefile', line 50):
	${RM} ${NAME}
	

# Not a target:
export_helper.o:
#  Implicit rule search has not been done.
#  Modification time never checked.
#  File has not been updated.

# Not a target:
execute_utils2.o:
#  Implicit rule search has not been done.
#  Modification time never checked.
#  File has not been updated.

# Not a target:
redirect.o:
#  Implicit rule search has not been done.
#  Modification time never checked.
#  File has not been updated.

# Not a target:
cmds.o:
#  Implicit rule search has not been done.
#  Modification time never checked.
#  File has not been updated.

# Not a target:
.DEFAULT:
#  Implicit rule search has not been done.
#  Modification time never checked.
#  File has not been updated.

# Not a target:
echo.o:
 
#  Implicit rule search has not been done.
#  Modification time never checked.
#  File has not been updated.

re: fclean all
#  Implicit rule search has not been done.
#  Modification time never checked.
#  File has not been updated.

# Not a target:
here_doc.o:
#  Implicit rule search has not been done.
#  Modification time never checked.
#  File has not been updated.

clean: libftclean
#  Implicit rule search has not been done.
#  Modification time never checked.
#  File has not been updated.
#  commands to execute (from `Makefile', line 47):
	${RM} ${OBJ}
	

# Not a target:
export.o:
#  Implicit rule search has not been done.
#  Modification time never checked.
#  File has not been updated.

libftclean:
#  Implicit rule search has not been done.
#  Modification time never checked.
#  File has not been updated.
#  commands to execute (from `Makefile', line 41):
	make clean -C libft
	

# Not a target:
arg.o:
#  Implicit rule search has not been done.
#  Modification time never checked.
#  File has not been updated.

# Not a target:
utils.o:
#  Implicit rule search has not been done.
#  Modification time never checked.
#  File has not been updated.

# Not a target:
signals.o:
#  Implicit rule search has not been done.
#  Modification time never checked.
#  File has not been updated.

# Not a target:
token_2.o:
#  Implicit rule search has not been done.
#  Modification time never checked.
#  File has not been updated.

# Not a target:
execute2.o:
#  Implicit rule search has not been done.
#  Modification time never checked.
#  File has not been updated.

# Not a target:
parsing.o:
#  Implicit rule search has not been done.
#  Modification time never checked.
#  File has not been updated.

libftfclean:
#  Implicit rule search has not been done.
#  Modification time never checked.
#  File has not been updated.
#  commands to execute (from `Makefile', line 44):
	make fclean -C libft
	

# Not a target:
pwd.o:
#  Implicit rule search has not been done.
#  Modification time never checked.
#  File has not been updated.

# files hash-table stats:
# Load=33/1024=3%, Rehash=0, Collisions=2/76=3%
# VPATH Search Paths

# No `vpath' search paths.

# No general (`VPATH' variable) search path.

# # of strings in strcache: 1
# # of strcache buffers: 1
# strcache size: total = 4096 / max = 4096 / min = 4096 / avg = 4096
# strcache free: total = 4087 / max = 4087 / min = 4087 / avg = 4087

# Finished Make data base on Fri Jun 23 08:20:57 2023

 
